Using pre-set license
Built from '2021.2/staging' branch; Version is '2021.2.1f1 (c20c6d589440) revision 12717165'; Using compiler version '192829333'; Build Type 'Release'
OS: 'Windows 10 Pro; OS build 19042.1586; Version 2009; 64bit' Language: 'en' Physical Memory: 32691 MB
BatchMode: 1, IsHumanControllingUs: 0, StartBugReporterOnCrash: 0, Is64bit: 1, IsPro: 0

COMMAND LINE ARGUMENTS:
C:\Program Files\Unity\Hub\Editor\2021.2.1f1\Editor\Unity.exe
-adb2
-batchMode
-noUpm
-name
AssetImportWorker1
-projectPath
C:/Users/HJO/Desktop/UnityProjects/CSSeminarFinalProject/CSSeminarFinalProject/Bastion
-logFile
Logs/AssetImportWorker1.log
-srvPort
50688
Successfully changed project path to: C:/Users/HJO/Desktop/UnityProjects/CSSeminarFinalProject/CSSeminarFinalProject/Bastion
C:/Users/HJO/Desktop/UnityProjects/CSSeminarFinalProject/CSSeminarFinalProject/Bastion
[UnityMemory] Configuration Parameters - Can be set up in boot.config
    "memorysetup-bucket-allocator-granularity=16"
    "memorysetup-bucket-allocator-bucket-count=8"
    "memorysetup-bucket-allocator-block-size=33554432"
    "memorysetup-bucket-allocator-block-count=8"
    "memorysetup-main-allocator-block-size=16777216"
    "memorysetup-thread-allocator-block-size=16777216"
    "memorysetup-gfx-main-allocator-block-size=16777216"
    "memorysetup-gfx-thread-allocator-block-size=16777216"
    "memorysetup-cache-allocator-block-size=4194304"
    "memorysetup-typetree-allocator-block-size=2097152"
    "memorysetup-profiler-bucket-allocator-granularity=16"
    "memorysetup-profiler-bucket-allocator-bucket-count=8"
    "memorysetup-profiler-bucket-allocator-block-size=33554432"
    "memorysetup-profiler-bucket-allocator-block-count=8"
    "memorysetup-profiler-allocator-block-size=16777216"
    "memorysetup-profiler-editor-allocator-block-size=1048576"
    "memorysetup-temp-allocator-size-main=16777216"
    "memorysetup-job-temp-allocator-block-size=2097152"
    "memorysetup-job-temp-allocator-block-size-background=1048576"
    "memorysetup-job-temp-allocator-reduction-small-platforms=262144"
    "memorysetup-temp-allocator-size-background-worker=32768"
    "memorysetup-temp-allocator-size-job-worker=262144"
    "memorysetup-temp-allocator-size-preload-manager=33554432"
    "memorysetup-temp-allocator-size-nav-mesh-worker=65536"
    "memorysetup-temp-allocator-size-audio-worker=65536"
    "memorysetup-temp-allocator-size-cloud-worker=32768"
    "memorysetup-temp-allocator-size-gi-baking-worker=262144"
    "memorysetup-temp-allocator-size-gfx=262144"
Refreshing native plugins compatible for Editor in 51.83 ms, found 2 plugins.
Preloading 0 native plugins for Editor in 0.00 ms.
Initialize engine version: 2021.2.1f1 (c20c6d589440)
[Subsystems] Discovering subsystems at path C:/Program Files/Unity/Hub/Editor/2021.2.1f1/Editor/Data/Resources/UnitySubsystems
[Subsystems] Discovering subsystems at path C:/Users/HJO/Desktop/UnityProjects/CSSeminarFinalProject/CSSeminarFinalProject/Bastion/Assets
GfxDevice: creating device client; threaded=0; jobified=0
Direct3D:
    Version:  Direct3D 11.0 [level 11.1]
    Renderer: NVIDIA GeForce GTX 1070 (ID=0x1be1)
    Vendor:   NVIDIA
    VRAM:     8081 MB
    Driver:   27.21.14.6172
Initialize mono
Mono path[0] = 'C:/Program Files/Unity/Hub/Editor/2021.2.1f1/Editor/Data/Managed'
Mono path[1] = 'C:/Program Files/Unity/Hub/Editor/2021.2.1f1/Editor/Data/MonoBleedingEdge/lib/mono/unityjit-win32'
Mono config path = 'C:/Program Files/Unity/Hub/Editor/2021.2.1f1/Editor/Data/MonoBleedingEdge/etc'
Using monoOptions --debugger-agent=transport=dt_socket,embedding=1,server=y,suspend=n,address=127.0.0.1:56292
Begin MonoManager ReloadAssembly
Registering precompiled unity dll's ...
Register platform support module: C:/Program Files/Unity/Hub/Editor/2021.2.1f1/Editor/Data/PlaybackEngines/WindowsStandaloneSupport/UnityEditor.WindowsStandalone.Extensions.dll
Registered in 0.007689 seconds.
Native extension for WindowsStandalone target not found
Refreshing native plugins compatible for Editor in 41.63 ms, found 2 plugins.
Preloading 0 native plugins for Editor in 0.00 ms.
Mono: successfully reloaded assembly
- Completed reload, in  0.841 seconds
Domain Reload Profiling:
	ReloadAssembly (842ms)
		BeginReloadAssembly (79ms)
			ExecutionOrderSort (0ms)
			DisableScriptedObjects (0ms)
			BackupInstance (0ms)
			ReleaseScriptingObjects (0ms)
			CreateAndSetChildDomain (1ms)
		EndReloadAssembly (449ms)
			LoadAssemblies (76ms)
			RebuildTransferFunctionScriptingTraits (0ms)
			SetupTypeCache (112ms)
			ReleaseScriptCaches (0ms)
			RebuildScriptCaches (30ms)
			SetupLoadedEditorAssemblies (252ms)
				LogAssemblyErrors (0ms)
				InitializePlatformSupportModulesInManaged (7ms)
				SetLoadedEditorAssemblies (0ms)
				RefreshPlugins (42ms)
				BeforeProcessingInitializeOnLoad (1ms)
				ProcessInitializeOnLoadAttributes (150ms)
				ProcessInitializeOnLoadMethodAttributes (51ms)
				AfterProcessingInitializeOnLoad (0ms)
				EditorAssembliesLoaded (0ms)
			ExecutionOrderSort2 (0ms)
			AwakeInstancesAfterBackupRestoration (0ms)
Platform modules already initialized, skipping
Registering precompiled user dll's ...
Registered in 0.005604 seconds.
Begin MonoManager ReloadAssembly
Native extension for WindowsStandalone target not found
Refreshing native plugins compatible for Editor in 0.54 ms, found 2 plugins.
Preloading 0 native plugins for Editor in 0.00 ms.
Package Manager log level set to [2]
Mono: successfully reloaded assembly
- Completed reload, in  1.201 seconds
Domain Reload Profiling:
	ReloadAssembly (1202ms)
		BeginReloadAssembly (194ms)
			ExecutionOrderSort (0ms)
			DisableScriptedObjects (6ms)
			BackupInstance (0ms)
			ReleaseScriptingObjects (0ms)
			CreateAndSetChildDomain (21ms)
		EndReloadAssembly (900ms)
			LoadAssemblies (75ms)
			RebuildTransferFunctionScriptingTraits (0ms)
			SetupTypeCache (189ms)
			ReleaseScriptCaches (0ms)
			RebuildScriptCaches (47ms)
			SetupLoadedEditorAssemblies (482ms)
				LogAssemblyErrors (0ms)
				InitializePlatformSupportModulesInManaged (13ms)
				SetLoadedEditorAssemblies (0ms)
				RefreshPlugins (1ms)
				BeforeProcessingInitializeOnLoad (71ms)
				ProcessInitializeOnLoadAttributes (280ms)
				ProcessInitializeOnLoadMethodAttributes (108ms)
				AfterProcessingInitializeOnLoad (8ms)
				EditorAssembliesLoaded (0ms)
			ExecutionOrderSort2 (0ms)
			AwakeInstancesAfterBackupRestoration (9ms)
Platform modules already initialized, skipping
========================================================================
Worker process is ready to serve import requests
Launched and connected shader compiler UnityShaderCompiler.exe after 0.08 seconds
Refreshing native plugins compatible for Editor in 0.54 ms, found 2 plugins.
Preloading 0 native plugins for Editor in 0.00 ms.
Unloading 2139 Unused Serialized files (Serialized files now loaded: 0)
Unloading 59 unused Assets / (87.4 KB). Loaded Objects now: 2571.
Memory consumption went from 88.0 MB to 87.9 MB.
Total: 6.360600 ms (FindLiveObjects: 0.181200 ms CreateObjectMapping: 0.090500 ms MarkObjects: 6.001000 ms  DeleteObjects: 0.087000 ms)

AssetImportParameters requested are different than current active one (requested -> active):
  custom:video-decoder-ogg-theora: a1e56fd34408186e4bbccfd4996cb3dc -> 
  custom:container-muxer-webm: aa71ff27fc2769a1b78a27578f13a17b -> 
  custom:container-demuxer-webm: 4f35f7cbe854078d1ac9338744f61a02 -> 
  custom:video-encoder-webm-vp8: eb34c28f22e8b96e1ab97ce403110664 -> 
  custom:audio-encoder-webm-vorbis: bf7c407c2cedff20999df2af8eb42d56 -> 
  custom:framework-win-MediaFoundation: 216162199b28c13a410421893ffa2e32 -> 
  custom:container-demuxer-ogg: 62fdf1f143b41e24485cea50d1cbac27 -> 
  custom:video-decoder-webm-vp8: 9c59270c3fd7afecdb556c50c9e8de78 -> 
  custom:audio-decoder-ogg-vorbis: bf7c407c2cedff20999df2af8eb42d56 -> 
========================================================================
Received Import Request.
  Time since last request: 777349.644424 seconds.
  path: Assets/Sprites/Units/King/JustEffects/spr_KingDeath_strip_just_effects.png
  artifactKey: Guid(0162ab1e5ef9bd7448710ec4a4ced866) Importer(815301076,1909f56bfc062723c751e8b465ee728b)
Start importing Assets/Sprites/Units/King/JustEffects/spr_KingDeath_strip_just_effects.png using Guid(0162ab1e5ef9bd7448710ec4a4ced866) Importer(815301076,1909f56bfc062723c751e8b465ee728b)  -> (artifact id: 'd840e2023a419b8f70b563f5c0bf276d') in 0.168633 seconds 
========================================================================
Received Import Request.
  Time since last request: 15.685704 seconds.
  path: Assets/Sprites/Units/King/WithBkgColor/spr_KingDeath_strip_with_color.png
  artifactKey: Guid(2cf39cac849ab834292aa272679d43f4) Importer(815301076,1909f56bfc062723c751e8b465ee728b)
Start importing Assets/Sprites/Units/King/WithBkgColor/spr_KingDeath_strip_with_color.png using Guid(2cf39cac849ab834292aa272679d43f4) Importer(815301076,1909f56bfc062723c751e8b465ee728b)  -> (artifact id: '4d85e9e0e575d196d426db1d355516b3') in 0.024759 seconds 
========================================================================
Received Import Request.
  Time since last request: 0.000017 seconds.
  path: Assets/Sprites/Units/King/WithBkgColor/spr_KingTeleport_strip_with_color.png
  artifactKey: Guid(11849ae06bfd5cd458325241d7aacca7) Importer(815301076,1909f56bfc062723c751e8b465ee728b)
Start importing Assets/Sprites/Units/King/WithBkgColor/spr_KingTeleport_strip_with_color.png using Guid(11849ae06bfd5cd458325241d7aacca7) Importer(815301076,1909f56bfc062723c751e8b465ee728b)  -> (artifact id: 'a5d124afc76f4f341989482bdf3a1019') in 0.035511 seconds 
========================================================================
Received Import Request.
  Time since last request: 0.000023 seconds.
  path: Assets/Sprites/Units/King/WithBkgColor/spr_KingIdle_strip_with_color.png
  artifactKey: Guid(b3e6ffef7e3753446a0442ec7bf7f73c) Importer(815301076,1909f56bfc062723c751e8b465ee728b)
Start importing Assets/Sprites/Units/King/WithBkgColor/spr_KingIdle_strip_with_color.png using Guid(b3e6ffef7e3753446a0442ec7bf7f73c) Importer(815301076,1909f56bfc062723c751e8b465ee728b)  -> (artifact id: '840567e151952ba486df1b2fa21ddef1') in 0.030197 seconds 
========================================================================
Received Import Request.
  Time since last request: 38.777513 seconds.
  path: Assets/Sprites/Units/King/NoEffects/spr_KingGroundAttack_NoEffects.png
  artifactKey: Guid(7e0c43dd967d3af44a9a560a16e3d79c) Importer(815301076,1909f56bfc062723c751e8b465ee728b)
Start importing Assets/Sprites/Units/King/NoEffects/spr_KingGroundAttack_NoEffects.png using Guid(7e0c43dd967d3af44a9a560a16e3d79c) Importer(815301076,1909f56bfc062723c751e8b465ee728b)  -> (artifact id: 'a26bb1948134c747a351eb2f9fe086ee') in 0.028030 seconds 
========================================================================
Received Import Request.
  Time since last request: 0.000027 seconds.
  path: Assets/Sprites/Units/King/NoEffects/spr_KingIdle_NoEffects.png
  artifactKey: Guid(9f7720db2677b4c4ba3c8a148883d4ec) Importer(815301076,1909f56bfc062723c751e8b465ee728b)
Start importing Assets/Sprites/Units/King/NoEffects/spr_KingIdle_NoEffects.png using Guid(9f7720db2677b4c4ba3c8a148883d4ec) Importer(815301076,1909f56bfc062723c751e8b465ee728b)  -> (artifact id: '1c6f08e76cabdb6bfb2679e198e24a34') in 0.036893 seconds 
========================================================================
Received Import Request.
  Time since last request: 5.303253 seconds.
  path: Assets/Sprites/Units/King/NoBkgColor/spr_KingGroundAttack_strip_no_bkg.png
  artifactKey: Guid(88d6b12882d504e4385e4c36adffdea4) Importer(815301076,1909f56bfc062723c751e8b465ee728b)
Start importing Assets/Sprites/Units/King/NoBkgColor/spr_KingGroundAttack_strip_no_bkg.png using Guid(88d6b12882d504e4385e4c36adffdea4) Importer(815301076,1909f56bfc062723c751e8b465ee728b)  -> (artifact id: '54d512d2666fcee6c1aff2a7608cdf1d') in 0.024806 seconds 
========================================================================
Received Import Request.
  Time since last request: 0.000019 seconds.
  path: Assets/Sprites/Units/King/NoBkgColor/spr_KingIdle_strip_no_bkg.png
  artifactKey: Guid(e1c85f2218f89714683cfc432d5319f8) Importer(815301076,1909f56bfc062723c751e8b465ee728b)
Start importing Assets/Sprites/Units/King/NoBkgColor/spr_KingIdle_strip_no_bkg.png using Guid(e1c85f2218f89714683cfc432d5319f8) Importer(815301076,1909f56bfc062723c751e8b465ee728b)  -> (artifact id: '8f6571939efdf0c81184fb651ff2ca7a') in 0.030264 seconds 
